[debug] [2023-12-06T14:38:34.050Z] ----------------------------------------------------------------------
[debug] [2023-12-06T14:38:34.052Z] Command:       C:\Program Files\nodejs\node.exe C:\Program Files\nodejs\node_modules\firebase-tools\lib\bin\firebase.js init
[debug] [2023-12-06T14:38:34.053Z] CLI Version:   11.24.1
[debug] [2023-12-06T14:38:34.053Z] Platform:      win32
[debug] [2023-12-06T14:38:34.053Z] Node Version:  v16.17.1
[debug] [2023-12-06T14:38:34.054Z] Time:          Wed Dec 06 2023 08:38:34 GMT-0600 (Central Standard Time)
[debug] [2023-12-06T14:38:34.054Z] ----------------------------------------------------------------------
[debug] 
[debug] [2023-12-06T14:38:34.062Z] > command requires scopes: ["email","openid","https://www.googleapis.com/auth/cloudplatformprojects.readonly","https://www.googleapis.com/auth/firebase","https://www.googleapis.com/auth/cloud-platform"]
[debug] [2023-12-06T14:38:34.063Z] > authorizing via signed-in user (pruebaclusterlinux@gmail.com)
[info] 
     ######## #### ########  ######## ########     ###     ######  ########
     ##        ##  ##     ## ##       ##     ##  ##   ##  ##       ##
     ######    ##  ########  ######   ########  #########  ######  ######
     ##        ##  ##    ##  ##       ##     ## ##     ##       ## ##
     ##       #### ##     ## ######## ########  ##     ##  ######  ########

You're about to initialize a Firebase project in this directory:

  C:\Users\root\Documents\KAYI\kayicash20231206

[info] 
=== Project Setup
[info] 
[info] First, let's associate this project directory with a Firebase project.
[info] You can create multiple project aliases by running firebase use --add, 
[info] but for now we'll just set up a default project.
[info] 
[debug] [2023-12-06T14:39:17.042Z] >>> [apiv2][query] GET https://firebase.googleapis.com/v1beta1/projects pageSize=100
[debug] [2023-12-06T14:39:17.622Z] <<< [apiv2][status] GET https://firebase.googleapis.com/v1beta1/projects 200
[debug] [2023-12-06T14:39:17.623Z] <<< [apiv2][body] GET https://firebase.googleapis.com/v1beta1/projects [omitted]
[info] i  Using project test20231206-87d2d (test20231206) 
[info] 
=== Hosting Setup
[info] 
[info] Your public directory is the folder (relative to your project directory) that
[info] will contain Hosting assets to be uploaded with firebase deploy. If you
[info] have a build process for your assets, use your build's output directory.
[info] 
[debug] [2023-12-06T14:39:51.929Z] >>> [apiv2][query] GET https://www.gstatic.com/firebasejs/releases.json [none]
[debug] [2023-12-06T14:39:52.158Z] <<< [apiv2][status] GET https://www.gstatic.com/firebasejs/releases.json 200
[debug] [2023-12-06T14:39:52.159Z] <<< [apiv2][body] GET https://www.gstatic.com/firebasejs/releases.json {"current":{"version":"10.7.1","browserURL":"https://www.gstatic.com/firebasejs/10.7.1/firebase.js","packageURL":"https://www.gstatic.com/firebasejs/10.7.1/firebase.tgz"},"live":{"version":"10.7","browserURL":"https://www.gstatic.com/firebasejs/live/10.7/firebase.js","packageURL":"https://www.gstatic.com/firebasejs/live/10.7/firebase.tgz"},"components":{"analytics":"https://www.gstatic.com/firebasejs/10.7.1/firebase-analytics.js","app":"https://www.gstatic.com/firebasejs/10.7.1/firebase-app.js","app-check":"https://www.gstatic.com/firebasejs/10.7.1/firebase-app-check.js","auth":"https://www.gstatic.com/firebasejs/10.7.1/firebase-auth.js","auth/cordova":"https://www.gstatic.com/firebasejs/10.7.1/firebase-auth/cordova.js","functions":"https://www.gstatic.com/firebasejs/10.7.1/firebase-functions.js","firestore":"https://www.gstatic.com/firebasejs/10.7.1/firebase-firestore.js","firestore/lite":"https://www.gstatic.com/firebasejs/10.7.1/firebase-firestore/lite.js","installations":"https://www.gstatic.com/firebasejs/10.7.1/firebase-installations.js","storage":"https://www.gstatic.com/firebasejs/10.7.1/firebase-storage.js","performance":"https://www.gstatic.com/firebasejs/10.7.1/firebase-performance.js","remote-config":"https://www.gstatic.com/firebasejs/10.7.1/firebase-remote-config.js","messaging":"https://www.gstatic.com/firebasejs/10.7.1/firebase-messaging.js","messaging/sw":"https://www.gstatic.com/firebasejs/10.7.1/firebase-messaging/sw.js","database":"https://www.gstatic.com/firebasejs/10.7.1/firebase-database.js","firestore.memory":"https://www.gstatic.com/firebasejs/10.7.1/firebase-firestore.memory.js"}}
[info] +  Wrote public/index.html 
[info] 
[info] i  Didn't detect a .git folder. Assuming C:\Users\root\Documents\KAYI\kayicash20231206 is the project root. 
[info] i  Authorizing with GitHub to upload your service account to a GitHub repository's secrets store. 
[info] 
[info] Visit this URL on this device to log in:
[info] https://github.com/login/oauth/authorize?client_id=89cf50f02ac6aaed3484&state=181506681&redirect_uri=http%3A%2F%2Flocalhost%3A9005&scope=read%3Auser%20repo%20public_repo
[info] 
[info] Waiting for authentication...
[debug] [2023-12-06T14:41:54.254Z] >>> [apiv2][query] POST https://github.com/login/oauth/access_token [none]
[debug] [2023-12-06T14:41:54.254Z] >>> [apiv2][body] POST https://github.com/login/oauth/access_token [stream]
[debug] [2023-12-06T14:41:54.669Z] <<< [apiv2][status] POST https://github.com/login/oauth/access_token 200
[debug] [2023-12-06T14:41:54.670Z] <<< [apiv2][body] POST https://github.com/login/oauth/access_token {"access_token":"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","token_type":"bearer","scope":"read:user,repo"}
[debug] [2023-12-06T14:41:54.711Z] >>> [apiv2][query] GET https://api.github.com/user [none]
[debug] [2023-12-06T14:41:55.183Z] <<< [apiv2][status] GET https://api.github.com/user 200
[debug] [2023-12-06T14:41:55.184Z] <<< [apiv2][body] GET https://api.github.com/user {"login":"Najerarodriguez","id":36144835,"node_id":"MDQ6VXNlcjM2MTQ0ODM1","avatar_url":"https://avatars.githubusercontent.com/u/36144835?v=4","gravatar_id":"","url":"https://api.github.com/users/Najerarodriguez","html_url":"https://github.com/Najerarodriguez","followers_url":"https://api.github.com/users/Najerarodriguez/followers","following_url":"https://api.github.com/users/Najerarodriguez/following{/other_user}","gists_url":"https://api.github.com/users/Najerarodriguez/gists{/gist_id}","starred_url":"https://api.github.com/users/Najerarodriguez/starred{/owner}{/repo}","subscriptions_url":"https://api.github.com/users/Najerarodriguez/subscriptions","organizations_url":"https://api.github.com/users/Najerarodriguez/orgs","repos_url":"https://api.github.com/users/Najerarodriguez/repos","events_url":"https://api.github.com/users/Najerarodriguez/events{/privacy}","received_events_url":"https://api.github.com/users/Najerarodriguez/received_events","type":"User","site_admin":false,"name":"Najerarodriguez","company":null,"blog":"","location":null,"email":null,"hireable":null,"bio":null,"twitter_username":null,"public_repos":13,"public_gists":2,"followers":2,"following":1,"created_at":"2018-02-05T03:17:23Z","updated_at":"2023-02-20T01:45:56Z","private_gists":0,"total_private_repos":8,"owned_private_repos":8,"disk_usage":240726,"collaborators":1,"two_factor_authentication":false,"plan":{"name":"free","space":976562499,"collaborators":0,"private_repos":10000}}
[info] 
[info] +  Success! Logged into GitHub as Najerarodriguez 
[info] 
[debug] [2023-12-06T14:43:06.975Z] >>> [apiv2][query] GET https://api.github.com/repos//actions/secrets/public-key type=owner
[debug] [2023-12-06T14:43:07.342Z] <<< [apiv2][status] GET https://api.github.com/repos//actions/secrets/public-key 404
[debug] [2023-12-06T14:43:07.343Z] <<< [apiv2][body] GET https://api.github.com/repos//actions/secrets/public-key {"message":"Not Found","documentation_url":"https://docs.github.com/rest"}
[debug] [2023-12-06T14:43:10.079Z] >>> [apiv2][query] GET https://api.github.com/repos//actions/secrets/public-key type=owner
[debug] [2023-12-06T14:43:10.436Z] <<< [apiv2][status] GET https://api.github.com/repos//actions/secrets/public-key 404
[debug] [2023-12-06T14:43:10.437Z] <<< [apiv2][body] GET https://api.github.com/repos//actions/secrets/public-key {"message":"Not Found","documentation_url":"https://docs.github.com/rest"}
[debug] [2023-12-06T14:43:12.095Z] >>> [apiv2][query] GET https://api.github.com/repos//actions/secrets/public-key type=owner
[debug] [2023-12-06T14:43:12.461Z] <<< [apiv2][status] GET https://api.github.com/repos//actions/secrets/public-key 404
[debug] [2023-12-06T14:43:12.461Z] <<< [apiv2][body] GET https://api.github.com/repos//actions/secrets/public-key {"message":"Not Found","documentation_url":"https://docs.github.com/rest"}
